{"C:\\Users\\mfaishaldp\\Documents\\hacktiv8\\Phase 2\\Individual Project\\IP-HCK82\\server\\app.js": {"path":"C:\\Users\\mfaishaldp\\Documents\\hacktiv8\\Phase 2\\Individual Project\\IP-HCK82\\server\\app.js","statementMap":{"0":{"start":{"line":1,"column":0},"end":{"line":3,"column":1}},"1":{"start":{"line":2,"column":4},"end":{"line":2,"column":30}},"2":{"start":{"line":5,"column":16},"end":{"line":5,"column":34}},"3":{"start":{"line":6,"column":21},"end":{"line":6,"column":58}},"4":{"start":{"line":7,"column":13},"end":{"line":7,"column":28}},"5":{"start":{"line":8,"column":12},"end":{"line":8,"column":21}},"6":{"start":{"line":10,"column":0},"end":{"line":10,"column":15}},"7":{"start":{"line":11,"column":0},"end":{"line":11,"column":44}},"8":{"start":{"line":12,"column":0},"end":{"line":12,"column":23}},"9":{"start":{"line":14,"column":0},"end":{"line":14,"column":33}},"10":{"start":{"line":16,"column":0},"end":{"line":16,"column":21}},"11":{"start":{"line":18,"column":0},"end":{"line":18,"column":20}}},"fnMap":{},"branchMap":{"0":{"loc":{"start":{"line":1,"column":0},"end":{"line":3,"column":1}},"type":"if","locations":[{"start":{"line":1,"column":0},"end":{"line":3,"column":1}},{"start":{},"end":{}}],"line":1}},"s":{"0":1,"1":1,"2":1,"3":1,"4":1,"5":1,"6":1,"7":1,"8":1,"9":1,"10":1,"11":1},"f":{},"b":{"0":[1,0]},"_coverageSchema":"1a1c01bbd47fc00a2c39e90264f33305004495a9","hash":"3245ed9dec12d949ee18460303fbf0a17ae8640a"}
,"C:\\Users\\mfaishaldp\\Documents\\hacktiv8\\Phase 2\\Individual Project\\IP-HCK82\\server\\controllers\\DataController.js": {"path":"C:\\Users\\mfaishaldp\\Documents\\hacktiv8\\Phase 2\\Individual Project\\IP-HCK82\\server\\controllers\\DataController.js","statementMap":{"0":{"start":{"line":1,"column":14},"end":{"line":1,"column":30}},"1":{"start":{"line":2,"column":14},"end":{"line":2,"column":41}},"2":{"start":{"line":4,"column":24},"end":{"line":4,"column":51}},"3":{"start":{"line":5,"column":26},"end":{"line":5,"column":55}},"4":{"start":{"line":9,"column":8},"end":{"line":46,"column":9}},"5":{"start":{"line":11,"column":37},"end":{"line":11,"column":46}},"6":{"start":{"line":13,"column":12},"end":{"line":15,"column":13}},"7":{"start":{"line":14,"column":16},"end":{"line":14,"column":74}},"8":{"start":{"line":18,"column":12},"end":{"line":20,"column":13}},"9":{"start":{"line":19,"column":16},"end":{"line":19,"column":77}},"10":{"start":{"line":22,"column":29},"end":{"line":30,"column":14}},"11":{"start":{"line":32,"column":12},"end":{"line":34,"column":13}},"12":{"start":{"line":33,"column":16},"end":{"line":33,"column":73}},"13":{"start":{"line":37,"column":12},"end":{"line":42,"column":14}},"14":{"start":{"line":45,"column":12},"end":{"line":45,"column":23}},"15":{"start":{"line":50,"column":8},"end":{"line":99,"column":9}},"16":{"start":{"line":52,"column":43},"end":{"line":52,"column":52}},"17":{"start":{"line":63,"column":29},"end":{"line":70,"column":14}},"18":{"start":{"line":72,"column":28},"end":{"line":72,"column":30}},"19":{"start":{"line":73,"column":28},"end":{"line":73,"column":30}},"20":{"start":{"line":76,"column":12},"end":{"line":81,"column":13}},"21":{"start":{"line":76,"column":25},"end":{"line":76,"column":26}},"22":{"start":{"line":77,"column":16},"end":{"line":80,"column":17}},"23":{"start":{"line":78,"column":20},"end":{"line":78,"column":62}},"24":{"start":{"line":79,"column":20},"end":{"line":79,"column":72}},"25":{"start":{"line":82,"column":12},"end":{"line":91,"column":14}},"26":{"start":{"line":96,"column":12},"end":{"line":96,"column":31}},"27":{"start":{"line":98,"column":12},"end":{"line":98,"column":23}},"28":{"start":{"line":103,"column":8},"end":{"line":131,"column":9}},"29":{"start":{"line":105,"column":34},"end":{"line":105,"column":43}},"30":{"start":{"line":107,"column":12},"end":{"line":109,"column":13}},"31":{"start":{"line":108,"column":16},"end":{"line":108,"column":80}},"32":{"start":{"line":112,"column":27},"end":{"line":123,"column":13}},"33":{"start":{"line":125,"column":30},"end":{"line":125,"column":49}},"34":{"start":{"line":127,"column":12},"end":{"line":127,"column":95}},"35":{"start":{"line":130,"column":12},"end":{"line":130,"column":23}},"36":{"start":{"line":135,"column":8},"end":{"line":165,"column":9}},"37":{"start":{"line":137,"column":32},"end":{"line":137,"column":41}},"38":{"start":{"line":139,"column":12},"end":{"line":141,"column":13}},"39":{"start":{"line":140,"column":16},"end":{"line":140,"column":78}},"40":{"start":{"line":144,"column":12},"end":{"line":146,"column":13}},"41":{"start":{"line":145,"column":16},"end":{"line":145,"column":79}},"42":{"start":{"line":148,"column":29},"end":{"line":154,"column":14}},"43":{"start":{"line":156,"column":12},"end":{"line":161,"column":14}},"44":{"start":{"line":164,"column":12},"end":{"line":164,"column":23}},"45":{"start":{"line":170,"column":0},"end":{"line":172,"column":1}}},"fnMap":{"0":{"name":"(anonymous_0)","decl":{"start":{"line":8,"column":4},"end":{"line":8,"column":5}},"loc":{"start":{"line":8,"column":47},"end":{"line":47,"column":5}},"line":8},"1":{"name":"(anonymous_1)","decl":{"start":{"line":49,"column":4},"end":{"line":49,"column":5}},"loc":{"start":{"line":49,"column":45},"end":{"line":100,"column":5}},"line":49},"2":{"name":"(anonymous_2)","decl":{"start":{"line":102,"column":4},"end":{"line":102,"column":5}},"loc":{"start":{"line":102,"column":46},"end":{"line":132,"column":5}},"line":102},"3":{"name":"(anonymous_3)","decl":{"start":{"line":134,"column":4},"end":{"line":134,"column":5}},"loc":{"start":{"line":134,"column":48},"end":{"line":166,"column":5}},"line":134}},"branchMap":{"0":{"loc":{"start":{"line":13,"column":12},"end":{"line":15,"column":13}},"type":"if","locations":[{"start":{"line":13,"column":12},"end":{"line":15,"column":13}},{"start":{},"end":{}}],"line":13},"1":{"loc":{"start":{"line":18,"column":12},"end":{"line":20,"column":13}},"type":"if","locations":[{"start":{"line":18,"column":12},"end":{"line":20,"column":13}},{"start":{},"end":{}}],"line":18},"2":{"loc":{"start":{"line":32,"column":12},"end":{"line":34,"column":13}},"type":"if","locations":[{"start":{"line":32,"column":12},"end":{"line":34,"column":13}},{"start":{},"end":{}}],"line":32},"3":{"loc":{"start":{"line":77,"column":16},"end":{"line":80,"column":17}},"type":"if","locations":[{"start":{"line":77,"column":16},"end":{"line":80,"column":17}},{"start":{},"end":{}}],"line":77},"4":{"loc":{"start":{"line":107,"column":12},"end":{"line":109,"column":13}},"type":"if","locations":[{"start":{"line":107,"column":12},"end":{"line":109,"column":13}},{"start":{},"end":{}}],"line":107},"5":{"loc":{"start":{"line":107,"column":16},"end":{"line":107,"column":51}},"type":"binary-expr","locations":[{"start":{"line":107,"column":16},"end":{"line":107,"column":28}},{"start":{"line":107,"column":32},"end":{"line":107,"column":51}}],"line":107},"6":{"loc":{"start":{"line":139,"column":12},"end":{"line":141,"column":13}},"type":"if","locations":[{"start":{"line":139,"column":12},"end":{"line":141,"column":13}},{"start":{},"end":{}}],"line":139},"7":{"loc":{"start":{"line":144,"column":12},"end":{"line":146,"column":13}},"type":"if","locations":[{"start":{"line":144,"column":12},"end":{"line":146,"column":13}},{"start":{},"end":{}}],"line":144}},"s":{"0":1,"1":1,"2":1,"3":1,"4":3,"5":3,"6":3,"7":1,"8":2,"9":1,"10":1,"11":1,"12":0,"13":1,"14":2,"15":1,"16":1,"17":1,"18":1,"19":1,"20":1,"21":1,"22":48,"23":23,"24":23,"25":1,"26":0,"27":0,"28":1,"29":1,"30":1,"31":0,"32":1,"33":1,"34":0,"35":1,"36":3,"37":3,"38":3,"39":1,"40":2,"41":0,"42":2,"43":2,"44":2,"45":1},"f":{"0":3,"1":1,"2":1,"3":3},"b":{"0":[1,2],"1":[1,1],"2":[0,1],"3":[23,25],"4":[0,1],"5":[1,1],"6":[1,2],"7":[0,2]},"_coverageSchema":"1a1c01bbd47fc00a2c39e90264f33305004495a9","hash":"f0df7fe55c7869964a43081c2231d5712c876a53"}
,"C:\\Users\\mfaishaldp\\Documents\\hacktiv8\\Phase 2\\Individual Project\\IP-HCK82\\server\\controllers\\PlanController.js": {"path":"C:\\Users\\mfaishaldp\\Documents\\hacktiv8\\Phase 2\\Individual Project\\IP-HCK82\\server\\controllers\\PlanController.js","statementMap":{"0":{"start":{"line":1,"column":22},"end":{"line":1,"column":42}},"1":{"start":{"line":4,"column":8},"end":{"line":19,"column":9}},"2":{"start":{"line":8,"column":28},"end":{"line":8,"column":41}},"3":{"start":{"line":9,"column":12},"end":{"line":9,"column":40}},"4":{"start":{"line":11,"column":25},"end":{"line":11,"column":51}},"5":{"start":{"line":13,"column":12},"end":{"line":13,"column":38}},"6":{"start":{"line":16,"column":12},"end":{"line":16,"column":31}},"7":{"start":{"line":18,"column":12},"end":{"line":18,"column":23}},"8":{"start":{"line":23,"column":8},"end":{"line":36,"column":9}},"9":{"start":{"line":24,"column":34},"end":{"line":24,"column":44}},"10":{"start":{"line":26,"column":25},"end":{"line":26,"column":53}},"11":{"start":{"line":28,"column":12},"end":{"line":30,"column":13}},"12":{"start":{"line":29,"column":16},"end":{"line":29,"column":70}},"13":{"start":{"line":32,"column":12},"end":{"line":32,"column":38}},"14":{"start":{"line":35,"column":12},"end":{"line":35,"column":23}},"15":{"start":{"line":40,"column":8},"end":{"line":63,"column":9}},"16":{"start":{"line":41,"column":34},"end":{"line":41,"column":42}},"17":{"start":{"line":43,"column":25},"end":{"line":51,"column":14}},"18":{"start":{"line":57,"column":12},"end":{"line":57,"column":38}},"19":{"start":{"line":60,"column":12},"end":{"line":60,"column":31}},"20":{"start":{"line":62,"column":12},"end":{"line":62,"column":23}},"21":{"start":{"line":67,"column":8},"end":{"line":86,"column":9}},"22":{"start":{"line":68,"column":34},"end":{"line":68,"column":44}},"23":{"start":{"line":70,"column":28},"end":{"line":70,"column":56}},"24":{"start":{"line":76,"column":12},"end":{"line":80,"column":14}},"25":{"start":{"line":82,"column":12},"end":{"line":82,"column":41}},"26":{"start":{"line":85,"column":12},"end":{"line":85,"column":23}},"27":{"start":{"line":90,"column":8},"end":{"line":108,"column":9}},"28":{"start":{"line":91,"column":34},"end":{"line":91,"column":44}},"29":{"start":{"line":92,"column":31},"end":{"line":92,"column":39}},"30":{"start":{"line":94,"column":25},"end":{"line":94,"column":53}},"31":{"start":{"line":100,"column":12},"end":{"line":102,"column":14}},"32":{"start":{"line":104,"column":12},"end":{"line":104,"column":38}},"33":{"start":{"line":107,"column":12},"end":{"line":107,"column":23}},"34":{"start":{"line":113,"column":0},"end":{"line":115,"column":1}}},"fnMap":{"0":{"name":"(anonymous_0)","decl":{"start":{"line":3,"column":4},"end":{"line":3,"column":5}},"loc":{"start":{"line":3,"column":43},"end":{"line":20,"column":5}},"line":3},"1":{"name":"(anonymous_1)","decl":{"start":{"line":22,"column":4},"end":{"line":22,"column":5}},"loc":{"start":{"line":22,"column":44},"end":{"line":37,"column":5}},"line":22},"2":{"name":"(anonymous_2)","decl":{"start":{"line":39,"column":4},"end":{"line":39,"column":5}},"loc":{"start":{"line":39,"column":48},"end":{"line":64,"column":5}},"line":39},"3":{"name":"(anonymous_3)","decl":{"start":{"line":66,"column":4},"end":{"line":66,"column":5}},"loc":{"start":{"line":66,"column":44},"end":{"line":87,"column":5}},"line":66},"4":{"name":"(anonymous_4)","decl":{"start":{"line":89,"column":4},"end":{"line":89,"column":5}},"loc":{"start":{"line":89,"column":53},"end":{"line":109,"column":5}},"line":89}},"branchMap":{"0":{"loc":{"start":{"line":28,"column":12},"end":{"line":30,"column":13}},"type":"if","locations":[{"start":{"line":28,"column":12},"end":{"line":30,"column":13}},{"start":{},"end":{}}],"line":28}},"s":{"0":1,"1":2,"2":2,"3":2,"4":2,"5":1,"6":1,"7":1,"8":1,"9":1,"10":1,"11":1,"12":1,"13":0,"14":1,"15":1,"16":1,"17":1,"18":1,"19":0,"20":0,"21":1,"22":1,"23":1,"24":1,"25":1,"26":0,"27":1,"28":1,"29":1,"30":1,"31":1,"32":1,"33":0,"34":1},"f":{"0":2,"1":1,"2":1,"3":1,"4":1},"b":{"0":[1,0]},"_coverageSchema":"1a1c01bbd47fc00a2c39e90264f33305004495a9","hash":"1fa705bb1bd4b029242d4fcbf24879e745c58080"}
,"C:\\Users\\mfaishaldp\\Documents\\hacktiv8\\Phase 2\\Individual Project\\IP-HCK82\\server\\controllers\\UserController.js": {"path":"C:\\Users\\mfaishaldp\\Documents\\hacktiv8\\Phase 2\\Individual Project\\IP-HCK82\\server\\controllers\\UserController.js","statementMap":{"0":{"start":{"line":1,"column":20},"end":{"line":1,"column":46}},"1":{"start":{"line":2,"column":22},"end":{"line":2,"column":52}},"2":{"start":{"line":3,"column":22},"end":{"line":3,"column":47}},"3":{"start":{"line":4,"column":25},"end":{"line":4,"column":55}},"4":{"start":{"line":9,"column":8},"end":{"line":18,"column":9}},"5":{"start":{"line":10,"column":25},"end":{"line":10,"column":52}},"6":{"start":{"line":11,"column":12},"end":{"line":15,"column":14}},"7":{"start":{"line":17,"column":12},"end":{"line":17,"column":23}},"8":{"start":{"line":22,"column":8},"end":{"line":62,"column":9}},"9":{"start":{"line":23,"column":41},"end":{"line":23,"column":49}},"10":{"start":{"line":25,"column":12},"end":{"line":27,"column":13}},"11":{"start":{"line":26,"column":16},"end":{"line":26,"column":77}},"12":{"start":{"line":28,"column":12},"end":{"line":30,"column":13}},"13":{"start":{"line":29,"column":16},"end":{"line":29,"column":77}},"14":{"start":{"line":32,"column":25},"end":{"line":36,"column":14}},"15":{"start":{"line":40,"column":12},"end":{"line":42,"column":13}},"16":{"start":{"line":41,"column":16},"end":{"line":41,"column":85}},"17":{"start":{"line":44,"column":28},"end":{"line":44,"column":64}},"18":{"start":{"line":46,"column":12},"end":{"line":48,"column":13}},"19":{"start":{"line":47,"column":16},"end":{"line":47,"column":84}},"20":{"start":{"line":50,"column":29},"end":{"line":54,"column":14}},"21":{"start":{"line":56,"column":12},"end":{"line":58,"column":14}},"22":{"start":{"line":61,"column":12},"end":{"line":61,"column":23}},"23":{"start":{"line":66,"column":8},"end":{"line":102,"column":9}},"24":{"start":{"line":67,"column":34},"end":{"line":67,"column":42}},"25":{"start":{"line":69,"column":12},"end":{"line":71,"column":13}},"26":{"start":{"line":70,"column":16},"end":{"line":70,"column":81}},"27":{"start":{"line":73,"column":27},"end":{"line":73,"column":45}},"28":{"start":{"line":75,"column":27},"end":{"line":78,"column":14}},"29":{"start":{"line":80,"column":28},"end":{"line":80,"column":47}},"30":{"start":{"line":82,"column":27},"end":{"line":88,"column":14}},"31":{"start":{"line":90,"column":33},"end":{"line":94,"column":14}},"32":{"start":{"line":96,"column":12},"end":{"line":96,"column":48}},"33":{"start":{"line":99,"column":12},"end":{"line":99,"column":31}},"34":{"start":{"line":101,"column":12},"end":{"line":101,"column":23}},"35":{"start":{"line":107,"column":0},"end":{"line":109,"column":1}}},"fnMap":{"0":{"name":"(anonymous_0)","decl":{"start":{"line":8,"column":4},"end":{"line":8,"column":5}},"loc":{"start":{"line":8,"column":41},"end":{"line":19,"column":5}},"line":8},"1":{"name":"(anonymous_1)","decl":{"start":{"line":21,"column":4},"end":{"line":21,"column":5}},"loc":{"start":{"line":21,"column":38},"end":{"line":63,"column":5}},"line":21},"2":{"name":"(anonymous_2)","decl":{"start":{"line":65,"column":4},"end":{"line":65,"column":5}},"loc":{"start":{"line":65,"column":44},"end":{"line":103,"column":5}},"line":65}},"branchMap":{"0":{"loc":{"start":{"line":25,"column":12},"end":{"line":27,"column":13}},"type":"if","locations":[{"start":{"line":25,"column":12},"end":{"line":27,"column":13}},{"start":{},"end":{}}],"line":25},"1":{"loc":{"start":{"line":28,"column":12},"end":{"line":30,"column":13}},"type":"if","locations":[{"start":{"line":28,"column":12},"end":{"line":30,"column":13}},{"start":{},"end":{}}],"line":28},"2":{"loc":{"start":{"line":40,"column":12},"end":{"line":42,"column":13}},"type":"if","locations":[{"start":{"line":40,"column":12},"end":{"line":42,"column":13}},{"start":{},"end":{}}],"line":40},"3":{"loc":{"start":{"line":46,"column":12},"end":{"line":48,"column":13}},"type":"if","locations":[{"start":{"line":46,"column":12},"end":{"line":48,"column":13}},{"start":{},"end":{}}],"line":46},"4":{"loc":{"start":{"line":69,"column":12},"end":{"line":71,"column":13}},"type":"if","locations":[{"start":{"line":69,"column":12},"end":{"line":71,"column":13}},{"start":{},"end":{}}],"line":69}},"s":{"0":1,"1":1,"2":1,"3":1,"4":4,"5":4,"6":1,"7":3,"8":8,"9":8,"10":8,"11":2,"12":6,"13":1,"14":5,"15":5,"16":1,"17":4,"18":4,"19":2,"20":2,"21":2,"22":6,"23":1,"24":1,"25":1,"26":1,"27":0,"28":0,"29":0,"30":0,"31":0,"32":0,"33":1,"34":1,"35":1},"f":{"0":4,"1":8,"2":1},"b":{"0":[2,6],"1":[1,5],"2":[1,4],"3":[2,2],"4":[1,0]},"_coverageSchema":"1a1c01bbd47fc00a2c39e90264f33305004495a9","hash":"682fde9bb5b32f6223ac1e2723d6ff115bec46e3"}
,"C:\\Users\\mfaishaldp\\Documents\\hacktiv8\\Phase 2\\Individual Project\\IP-HCK82\\server\\helpers\\bcryptjs.js": {"path":"C:\\Users\\mfaishaldp\\Documents\\hacktiv8\\Phase 2\\Individual Project\\IP-HCK82\\server\\helpers\\bcryptjs.js","statementMap":{"0":{"start":{"line":1,"column":17},"end":{"line":1,"column":36}},"1":{"start":{"line":3,"column":4},"end":{"line":9,"column":5}},"2":{"start":{"line":4,"column":21},"end":{"line":4,"column":45}},"3":{"start":{"line":5,"column":21},"end":{"line":5,"column":56}},"4":{"start":{"line":6,"column":8},"end":{"line":6,"column":19}},"5":{"start":{"line":8,"column":8},"end":{"line":8,"column":19}},"6":{"start":{"line":13,"column":4},"end":{"line":17,"column":5}},"7":{"start":{"line":14,"column":8},"end":{"line":14,"column":60}},"8":{"start":{"line":16,"column":8},"end":{"line":16,"column":19}},"9":{"start":{"line":20,"column":0},"end":{"line":23,"column":1}}},"fnMap":{"0":{"name":"signToken","decl":{"start":{"line":2,"column":9},"end":{"line":2,"column":18}},"loc":{"start":{"line":2,"column":31},"end":{"line":11,"column":1}},"line":2},"1":{"name":"verifyToken","decl":{"start":{"line":12,"column":9},"end":{"line":12,"column":20}},"loc":{"start":{"line":12,"column":45},"end":{"line":18,"column":1}},"line":12}},"branchMap":{},"s":{"0":1,"1":1,"2":1,"3":1,"4":1,"5":0,"6":4,"7":4,"8":0,"9":1},"f":{"0":1,"1":4},"b":{},"_coverageSchema":"1a1c01bbd47fc00a2c39e90264f33305004495a9","hash":"05ecfed818e4b59ccc98196eb09b30460736dd2a"}
,"C:\\Users\\mfaishaldp\\Documents\\hacktiv8\\Phase 2\\Individual Project\\IP-HCK82\\server\\helpers\\genAi.js": {"path":"C:\\Users\\mfaishaldp\\Documents\\hacktiv8\\Phase 2\\Individual Project\\IP-HCK82\\server\\helpers\\genAi.js","statementMap":{"0":{"start":{"line":1,"column":23},"end":{"line":1,"column":49}},"1":{"start":{"line":2,"column":22},"end":{"line":2,"column":46}},"2":{"start":{"line":5,"column":15},"end":{"line":5,"column":58}},"3":{"start":{"line":6,"column":21},"end":{"line":9,"column":6}},"4":{"start":{"line":10,"column":4},"end":{"line":10,"column":24}},"5":{"start":{"line":13,"column":0},"end":{"line":13,"column":22}}},"fnMap":{"0":{"name":"genAi","decl":{"start":{"line":4,"column":15},"end":{"line":4,"column":20}},"loc":{"start":{"line":4,"column":29},"end":{"line":11,"column":1}},"line":4}},"branchMap":{},"s":{"0":1,"1":1,"2":1,"3":1,"4":0,"5":1},"f":{"0":1},"b":{},"_coverageSchema":"1a1c01bbd47fc00a2c39e90264f33305004495a9","hash":"44ca2414bdcf5f2811af46767cef2140b927f518"}
,"C:\\Users\\mfaishaldp\\Documents\\hacktiv8\\Phase 2\\Individual Project\\IP-HCK82\\server\\helpers\\jwt.js": {"path":"C:\\Users\\mfaishaldp\\Documents\\hacktiv8\\Phase 2\\Individual Project\\IP-HCK82\\server\\helpers\\jwt.js","statementMap":{"0":{"start":{"line":1,"column":12},"end":{"line":1,"column":35}},"1":{"start":{"line":2,"column":16},"end":{"line":2,"column":35}},"2":{"start":{"line":4,"column":4},"end":{"line":9,"column":5}},"3":{"start":{"line":5,"column":22},"end":{"line":5,"column":50}},"4":{"start":{"line":6,"column":8},"end":{"line":6,"column":20}},"5":{"start":{"line":8,"column":8},"end":{"line":8,"column":19}},"6":{"start":{"line":12,"column":4},"end":{"line":16,"column":5}},"7":{"start":{"line":13,"column":8},"end":{"line":13,"column":44}},"8":{"start":{"line":15,"column":8},"end":{"line":15,"column":19}},"9":{"start":{"line":19,"column":0},"end":{"line":22,"column":1}}},"fnMap":{"0":{"name":"signToken","decl":{"start":{"line":3,"column":9},"end":{"line":3,"column":18}},"loc":{"start":{"line":3,"column":30},"end":{"line":10,"column":1}},"line":3},"1":{"name":"verifyToken","decl":{"start":{"line":11,"column":9},"end":{"line":11,"column":20}},"loc":{"start":{"line":11,"column":30},"end":{"line":17,"column":1}},"line":11}},"branchMap":{},"s":{"0":1,"1":1,"2":3,"3":3,"4":3,"5":0,"6":20,"7":20,"8":1,"9":1},"f":{"0":3,"1":20},"b":{},"_coverageSchema":"1a1c01bbd47fc00a2c39e90264f33305004495a9","hash":"8a14cc0ba00de20fb2c7c7a578d03e60281e26f1"}
,"C:\\Users\\mfaishaldp\\Documents\\hacktiv8\\Phase 2\\Individual Project\\IP-HCK82\\server\\middlewares\\authentication.js": {"path":"C:\\Users\\mfaishaldp\\Documents\\hacktiv8\\Phase 2\\Individual Project\\IP-HCK82\\server\\middlewares\\authentication.js","statementMap":{"0":{"start":{"line":1,"column":24},"end":{"line":1,"column":49}},"1":{"start":{"line":2,"column":15},"end":{"line":2,"column":35}},"2":{"start":{"line":5,"column":4},"end":{"line":28,"column":5}},"3":{"start":{"line":6,"column":28},"end":{"line":6,"column":53}},"4":{"start":{"line":8,"column":8},"end":{"line":10,"column":9}},"5":{"start":{"line":9,"column":12},"end":{"line":9,"column":68}},"6":{"start":{"line":12,"column":27},"end":{"line":12,"column":62}},"7":{"start":{"line":13,"column":24},"end":{"line":13,"column":47}},"8":{"start":{"line":15,"column":25},"end":{"line":15,"column":56}},"9":{"start":{"line":18,"column":8},"end":{"line":20,"column":9}},"10":{"start":{"line":19,"column":12},"end":{"line":19,"column":67}},"11":{"start":{"line":22,"column":8},"end":{"line":22,"column":27}},"12":{"start":{"line":24,"column":8},"end":{"line":24,"column":14}},"13":{"start":{"line":27,"column":8},"end":{"line":27,"column":19}},"14":{"start":{"line":31,"column":0},"end":{"line":31,"column":31}}},"fnMap":{"0":{"name":"authentication","decl":{"start":{"line":4,"column":15},"end":{"line":4,"column":29}},"loc":{"start":{"line":4,"column":44},"end":{"line":29,"column":1}},"line":4}},"branchMap":{"0":{"loc":{"start":{"line":8,"column":8},"end":{"line":10,"column":9}},"type":"if","locations":[{"start":{"line":8,"column":8},"end":{"line":10,"column":9}},{"start":{},"end":{}}],"line":8},"1":{"loc":{"start":{"line":18,"column":8},"end":{"line":20,"column":9}},"type":"if","locations":[{"start":{"line":18,"column":8},"end":{"line":20,"column":9}},{"start":{},"end":{}}],"line":18}},"s":{"0":1,"1":1,"2":23,"3":23,"4":23,"5":3,"6":20,"7":20,"8":19,"9":19,"10":1,"11":18,"12":18,"13":5,"14":1},"f":{"0":23},"b":{"0":[3,20],"1":[1,18]},"_coverageSchema":"1a1c01bbd47fc00a2c39e90264f33305004495a9","hash":"ab977ce2b41ed6cec7e7b9ddcc8fde5ba5169ef8"}
,"C:\\Users\\mfaishaldp\\Documents\\hacktiv8\\Phase 2\\Individual Project\\IP-HCK82\\server\\middlewares\\authorization.js": {"path":"C:\\Users\\mfaishaldp\\Documents\\hacktiv8\\Phase 2\\Individual Project\\IP-HCK82\\server\\middlewares\\authorization.js","statementMap":{"0":{"start":{"line":1,"column":15},"end":{"line":1,"column":35}},"1":{"start":{"line":4,"column":4},"end":{"line":22,"column":5}},"2":{"start":{"line":5,"column":30},"end":{"line":5,"column":38}},"3":{"start":{"line":6,"column":30},"end":{"line":6,"column":40}},"4":{"start":{"line":8,"column":21},"end":{"line":8,"column":49}},"5":{"start":{"line":10,"column":8},"end":{"line":12,"column":9}},"6":{"start":{"line":11,"column":12},"end":{"line":11,"column":66}},"7":{"start":{"line":14,"column":8},"end":{"line":16,"column":9}},"8":{"start":{"line":15,"column":12},"end":{"line":15,"column":68}},"9":{"start":{"line":18,"column":8},"end":{"line":18,"column":14}},"10":{"start":{"line":21,"column":8},"end":{"line":21,"column":19}},"11":{"start":{"line":25,"column":0},"end":{"line":27,"column":1}}},"fnMap":{"0":{"name":"guardUser","decl":{"start":{"line":3,"column":15},"end":{"line":3,"column":24}},"loc":{"start":{"line":3,"column":39},"end":{"line":23,"column":1}},"line":3}},"branchMap":{"0":{"loc":{"start":{"line":10,"column":8},"end":{"line":12,"column":9}},"type":"if","locations":[{"start":{"line":10,"column":8},"end":{"line":12,"column":9}},{"start":{},"end":{}}],"line":10},"1":{"loc":{"start":{"line":14,"column":8},"end":{"line":16,"column":9}},"type":"if","locations":[{"start":{"line":14,"column":8},"end":{"line":16,"column":9}},{"start":{},"end":{}}],"line":14}},"s":{"0":1,"1":6,"2":6,"3":6,"4":6,"5":6,"6":4,"7":2,"8":0,"9":2,"10":4,"11":1},"f":{"0":6},"b":{"0":[4,2],"1":[0,2]},"_coverageSchema":"1a1c01bbd47fc00a2c39e90264f33305004495a9","hash":"cfe54c514f0588256bf38c4c2ae66867f87cf5ed"}
,"C:\\Users\\mfaishaldp\\Documents\\hacktiv8\\Phase 2\\Individual Project\\IP-HCK82\\server\\middlewares\\errorHandler.js": {"path":"C:\\Users\\mfaishaldp\\Documents\\hacktiv8\\Phase 2\\Individual Project\\IP-HCK82\\server\\middlewares\\errorHandler.js","statementMap":{"0":{"start":{"line":2,"column":4},"end":{"line":26,"column":5}},"1":{"start":{"line":5,"column":12},"end":{"line":5,"column":69}},"2":{"start":{"line":6,"column":12},"end":{"line":6,"column":18}},"3":{"start":{"line":8,"column":12},"end":{"line":8,"column":61}},"4":{"start":{"line":9,"column":12},"end":{"line":9,"column":17}},"5":{"start":{"line":11,"column":12},"end":{"line":11,"column":59}},"6":{"start":{"line":12,"column":12},"end":{"line":12,"column":18}},"7":{"start":{"line":14,"column":12},"end":{"line":14,"column":59}},"8":{"start":{"line":15,"column":12},"end":{"line":15,"column":18}},"9":{"start":{"line":17,"column":12},"end":{"line":17,"column":59}},"10":{"start":{"line":18,"column":12},"end":{"line":18,"column":18}},"11":{"start":{"line":20,"column":12},"end":{"line":20,"column":59}},"12":{"start":{"line":21,"column":12},"end":{"line":21,"column":18}},"13":{"start":{"line":24,"column":12},"end":{"line":24,"column":69}},"14":{"start":{"line":25,"column":12},"end":{"line":25,"column":18}},"15":{"start":{"line":29,"column":0},"end":{"line":29,"column":29}}},"fnMap":{"0":{"name":"errorHandler","decl":{"start":{"line":1,"column":9},"end":{"line":1,"column":21}},"loc":{"start":{"line":1,"column":43},"end":{"line":27,"column":1}},"line":1}},"branchMap":{"0":{"loc":{"start":{"line":2,"column":4},"end":{"line":26,"column":5}},"type":"switch","locations":[{"start":{"line":3,"column":8},"end":{"line":3,"column":40}},{"start":{"line":4,"column":8},"end":{"line":6,"column":18}},{"start":{"line":7,"column":8},"end":{"line":9,"column":17}},{"start":{"line":10,"column":8},"end":{"line":12,"column":18}},{"start":{"line":13,"column":8},"end":{"line":15,"column":18}},{"start":{"line":16,"column":8},"end":{"line":18,"column":18}},{"start":{"line":19,"column":8},"end":{"line":21,"column":18}},{"start":{"line":23,"column":8},"end":{"line":25,"column":18}}],"line":2}},"s":{"0":26,"1":4,"2":4,"3":1,"4":1,"5":7,"6":7,"7":5,"8":5,"9":7,"10":7,"11":0,"12":0,"13":2,"14":2,"15":1},"f":{"0":26},"b":{"0":[4,4,1,7,5,7,0,2]},"_coverageSchema":"1a1c01bbd47fc00a2c39e90264f33305004495a9","hash":"21d5d51e5b372e96092fb2e31dd3e46231fc2266"}
,"C:\\Users\\mfaishaldp\\Documents\\hacktiv8\\Phase 2\\Individual Project\\IP-HCK82\\server\\models\\index.js": {"path":"C:\\Users\\mfaishaldp\\Documents\\hacktiv8\\Phase 2\\Individual Project\\IP-HCK82\\server\\models\\index.js","statementMap":{"0":{"start":{"line":3,"column":11},"end":{"line":3,"column":24}},"1":{"start":{"line":4,"column":13},"end":{"line":4,"column":28}},"2":{"start":{"line":5,"column":18},"end":{"line":5,"column":38}},"3":{"start":{"line":6,"column":16},"end":{"line":6,"column":34}},"4":{"start":{"line":7,"column":17},"end":{"line":7,"column":42}},"5":{"start":{"line":8,"column":12},"end":{"line":8,"column":49}},"6":{"start":{"line":9,"column":15},"end":{"line":9,"column":65}},"7":{"start":{"line":10,"column":11},"end":{"line":10,"column":13}},"8":{"start":{"line":13,"column":0},"end":{"line":17,"column":1}},"9":{"start":{"line":14,"column":2},"end":{"line":14,"column":74}},"10":{"start":{"line":16,"column":2},"end":{"line":16,"column":87}},"11":{"start":{"line":19,"column":0},"end":{"line":32,"column":5}},"12":{"start":{"line":22,"column":4},"end":{"line":27,"column":6}},"13":{"start":{"line":30,"column":18},"end":{"line":30,"column":85}},"14":{"start":{"line":31,"column":4},"end":{"line":31,"column":27}},"15":{"start":{"line":34,"column":0},"end":{"line":38,"column":3}},"16":{"start":{"line":35,"column":2},"end":{"line":37,"column":3}},"17":{"start":{"line":36,"column":4},"end":{"line":36,"column":32}},"18":{"start":{"line":40,"column":0},"end":{"line":40,"column":25}},"19":{"start":{"line":41,"column":0},"end":{"line":41,"column":25}},"20":{"start":{"line":43,"column":0},"end":{"line":43,"column":20}}},"fnMap":{"0":{"name":"(anonymous_0)","decl":{"start":{"line":21,"column":10},"end":{"line":21,"column":11}},"loc":{"start":{"line":21,"column":18},"end":{"line":28,"column":3}},"line":21},"1":{"name":"(anonymous_1)","decl":{"start":{"line":29,"column":11},"end":{"line":29,"column":12}},"loc":{"start":{"line":29,"column":19},"end":{"line":32,"column":3}},"line":29},"2":{"name":"(anonymous_2)","decl":{"start":{"line":34,"column":24},"end":{"line":34,"column":25}},"loc":{"start":{"line":34,"column":37},"end":{"line":38,"column":1}},"line":34}},"branchMap":{"0":{"loc":{"start":{"line":8,"column":12},"end":{"line":8,"column":49}},"type":"binary-expr","locations":[{"start":{"line":8,"column":12},"end":{"line":8,"column":32}},{"start":{"line":8,"column":36},"end":{"line":8,"column":49}}],"line":8},"1":{"loc":{"start":{"line":13,"column":0},"end":{"line":17,"column":1}},"type":"if","locations":[{"start":{"line":13,"column":0},"end":{"line":17,"column":1}},{"start":{"line":15,"column":7},"end":{"line":17,"column":1}}],"line":13},"2":{"loc":{"start":{"line":23,"column":6},"end":{"line":26,"column":37}},"type":"binary-expr","locations":[{"start":{"line":23,"column":6},"end":{"line":23,"column":29}},{"start":{"line":24,"column":6},"end":{"line":24,"column":23}},{"start":{"line":25,"column":6},"end":{"line":25,"column":30}},{"start":{"line":26,"column":6},"end":{"line":26,"column":37}}],"line":23},"3":{"loc":{"start":{"line":35,"column":2},"end":{"line":37,"column":3}},"type":"if","locations":[{"start":{"line":35,"column":2},"end":{"line":37,"column":3}},{"start":{},"end":{}}],"line":35}},"s":{"0":1,"1":1,"2":1,"3":1,"4":1,"5":1,"6":1,"7":1,"8":1,"9":0,"10":1,"11":1,"12":4,"13":3,"14":3,"15":1,"16":3,"17":3,"18":1,"19":1,"20":1},"f":{"0":4,"1":3,"2":3},"b":{"0":[1,0],"1":[0,1],"2":[4,4,3,3],"3":[3,0]},"_coverageSchema":"1a1c01bbd47fc00a2c39e90264f33305004495a9","hash":"c1828f9b231f760c51c3c09dfe7aee8c133dbacf"}
,"C:\\Users\\mfaishaldp\\Documents\\hacktiv8\\Phase 2\\Individual Project\\IP-HCK82\\server\\models\\plan.js": {"path":"C:\\Users\\mfaishaldp\\Documents\\hacktiv8\\Phase 2\\Individual Project\\IP-HCK82\\server\\models\\plan.js","statementMap":{"0":{"start":{"line":4,"column":4},"end":{"line":4,"column":24}},"1":{"start":{"line":5,"column":0},"end":{"line":122,"column":2}},"2":{"start":{"line":14,"column":6},"end":{"line":14,"column":58}},"3":{"start":{"line":15,"column":6},"end":{"line":15,"column":62}},"4":{"start":{"line":18,"column":2},"end":{"line":120,"column":5}},"5":{"start":{"line":121,"column":2},"end":{"line":121,"column":14}}},"fnMap":{"0":{"name":"(anonymous_0)","decl":{"start":{"line":5,"column":17},"end":{"line":5,"column":18}},"loc":{"start":{"line":5,"column":43},"end":{"line":122,"column":1}},"line":5},"1":{"name":"(anonymous_1)","decl":{"start":{"line":12,"column":4},"end":{"line":12,"column":5}},"loc":{"start":{"line":12,"column":29},"end":{"line":16,"column":5}},"line":12}},"branchMap":{},"s":{"0":1,"1":1,"2":1,"3":1,"4":1,"5":1},"f":{"0":1,"1":1},"b":{},"_coverageSchema":"1a1c01bbd47fc00a2c39e90264f33305004495a9","hash":"79d8cecaed9eea79864b052c5bb03806c9615b00"}
,"C:\\Users\\mfaishaldp\\Documents\\hacktiv8\\Phase 2\\Individual Project\\IP-HCK82\\server\\models\\status.js": {"path":"C:\\Users\\mfaishaldp\\Documents\\hacktiv8\\Phase 2\\Individual Project\\IP-HCK82\\server\\models\\status.js","statementMap":{"0":{"start":{"line":4,"column":4},"end":{"line":4,"column":24}},"1":{"start":{"line":5,"column":0},"end":{"line":24,"column":2}},"2":{"start":{"line":14,"column":6},"end":{"line":14,"column":60}},"3":{"start":{"line":17,"column":2},"end":{"line":22,"column":5}},"4":{"start":{"line":23,"column":2},"end":{"line":23,"column":16}}},"fnMap":{"0":{"name":"(anonymous_0)","decl":{"start":{"line":5,"column":17},"end":{"line":5,"column":18}},"loc":{"start":{"line":5,"column":43},"end":{"line":24,"column":1}},"line":5},"1":{"name":"(anonymous_1)","decl":{"start":{"line":12,"column":4},"end":{"line":12,"column":5}},"loc":{"start":{"line":12,"column":29},"end":{"line":15,"column":5}},"line":12}},"branchMap":{},"s":{"0":1,"1":1,"2":1,"3":1,"4":1},"f":{"0":1,"1":1},"b":{},"_coverageSchema":"1a1c01bbd47fc00a2c39e90264f33305004495a9","hash":"b0dfe314408bcce4cc1268701ce00d81970cddbf"}
,"C:\\Users\\mfaishaldp\\Documents\\hacktiv8\\Phase 2\\Individual Project\\IP-HCK82\\server\\models\\user.js": {"path":"C:\\Users\\mfaishaldp\\Documents\\hacktiv8\\Phase 2\\Individual Project\\IP-HCK82\\server\\models\\user.js","statementMap":{"0":{"start":{"line":2,"column":20},"end":{"line":2,"column":50}},"1":{"start":{"line":5,"column":4},"end":{"line":5,"column":24}},"2":{"start":{"line":6,"column":0},"end":{"line":69,"column":2}},"3":{"start":{"line":15,"column":6},"end":{"line":15,"column":56}},"4":{"start":{"line":18,"column":2},"end":{"line":67,"column":5}},"5":{"start":{"line":64,"column":8},"end":{"line":64,"column":56}},"6":{"start":{"line":68,"column":2},"end":{"line":68,"column":14}}},"fnMap":{"0":{"name":"(anonymous_0)","decl":{"start":{"line":6,"column":17},"end":{"line":6,"column":18}},"loc":{"start":{"line":6,"column":43},"end":{"line":69,"column":1}},"line":6},"1":{"name":"(anonymous_1)","decl":{"start":{"line":13,"column":4},"end":{"line":13,"column":5}},"loc":{"start":{"line":13,"column":29},"end":{"line":16,"column":5}},"line":13},"2":{"name":"(anonymous_2)","decl":{"start":{"line":63,"column":6},"end":{"line":63,"column":7}},"loc":{"start":{"line":63,"column":29},"end":{"line":65,"column":7}},"line":63}},"branchMap":{},"s":{"0":1,"1":1,"2":1,"3":1,"4":1,"5":1,"6":1},"f":{"0":1,"1":1,"2":1},"b":{},"_coverageSchema":"1a1c01bbd47fc00a2c39e90264f33305004495a9","hash":"e95fb2c0e7aac669e49a9780f3844a7b8a4cc570"}
,"C:\\Users\\mfaishaldp\\Documents\\hacktiv8\\Phase 2\\Individual Project\\IP-HCK82\\server\\routers\\data.js": {"path":"C:\\Users\\mfaishaldp\\Documents\\hacktiv8\\Phase 2\\Individual Project\\IP-HCK82\\server\\routers\\data.js","statementMap":{"0":{"start":{"line":1,"column":16},"end":{"line":1,"column":34}},"1":{"start":{"line":2,"column":27},"end":{"line":2,"column":67}},"2":{"start":{"line":3,"column":13},"end":{"line":3,"column":29}},"3":{"start":{"line":5,"column":0},"end":{"line":5,"column":55}},"4":{"start":{"line":6,"column":0},"end":{"line":6,"column":62}},"5":{"start":{"line":7,"column":0},"end":{"line":7,"column":57}},"6":{"start":{"line":8,"column":0},"end":{"line":8,"column":49}},"7":{"start":{"line":10,"column":0},"end":{"line":10,"column":21}}},"fnMap":{},"branchMap":{},"s":{"0":1,"1":1,"2":1,"3":1,"4":1,"5":1,"6":1,"7":1},"f":{},"b":{},"_coverageSchema":"1a1c01bbd47fc00a2c39e90264f33305004495a9","hash":"9cb0db98bc20f3befe3c9a5c4c6383f4478f866e"}
,"C:\\Users\\mfaishaldp\\Documents\\hacktiv8\\Phase 2\\Individual Project\\IP-HCK82\\server\\routers\\index.js": {"path":"C:\\Users\\mfaishaldp\\Documents\\hacktiv8\\Phase 2\\Individual Project\\IP-HCK82\\server\\routers\\index.js","statementMap":{"0":{"start":{"line":1,"column":16},"end":{"line":1,"column":34}},"1":{"start":{"line":2,"column":27},"end":{"line":2,"column":67}},"2":{"start":{"line":3,"column":23},"end":{"line":3,"column":63}},"3":{"start":{"line":4,"column":15},"end":{"line":4,"column":31}},"4":{"start":{"line":6,"column":0},"end":{"line":6,"column":49}},"5":{"start":{"line":7,"column":0},"end":{"line":7,"column":43}},"6":{"start":{"line":8,"column":0},"end":{"line":8,"column":56}},"7":{"start":{"line":10,"column":0},"end":{"line":10,"column":52}},"8":{"start":{"line":11,"column":0},"end":{"line":11,"column":52}},"9":{"start":{"line":13,"column":0},"end":{"line":13,"column":23}}},"fnMap":{},"branchMap":{},"s":{"0":1,"1":1,"2":1,"3":1,"4":1,"5":1,"6":1,"7":1,"8":1,"9":1},"f":{},"b":{},"_coverageSchema":"1a1c01bbd47fc00a2c39e90264f33305004495a9","hash":"14b29fd025032ab7acde7ed610133af3590b94c5"}
,"C:\\Users\\mfaishaldp\\Documents\\hacktiv8\\Phase 2\\Individual Project\\IP-HCK82\\server\\routers\\plan.js": {"path":"C:\\Users\\mfaishaldp\\Documents\\hacktiv8\\Phase 2\\Individual Project\\IP-HCK82\\server\\routers\\plan.js","statementMap":{"0":{"start":{"line":1,"column":16},"end":{"line":1,"column":34}},"1":{"start":{"line":2,"column":27},"end":{"line":2,"column":67}},"2":{"start":{"line":3,"column":22},"end":{"line":3,"column":61}},"3":{"start":{"line":4,"column":13},"end":{"line":4,"column":29}},"4":{"start":{"line":6,"column":0},"end":{"line":6,"column":49}},"5":{"start":{"line":8,"column":0},"end":{"line":8,"column":49}},"6":{"start":{"line":9,"column":0},"end":{"line":9,"column":58}},"7":{"start":{"line":10,"column":0},"end":{"line":10,"column":64}},"8":{"start":{"line":12,"column":0},"end":{"line":12,"column":44}},"9":{"start":{"line":14,"column":0},"end":{"line":14,"column":21}}},"fnMap":{},"branchMap":{},"s":{"0":1,"1":1,"2":1,"3":1,"4":1,"5":1,"6":1,"7":1,"8":1,"9":1},"f":{},"b":{},"_coverageSchema":"1a1c01bbd47fc00a2c39e90264f33305004495a9","hash":"1b2659a1cd38aada3e9f7d28ea88b807b4d37580"}
}
