TN:
SF:app.js
FNF:0
FNH:0
DA:1,1
DA:2,1
DA:5,1
DA:6,1
DA:7,1
DA:8,1
DA:10,1
DA:11,1
DA:12,1
DA:14,1
DA:16,1
DA:18,1
LF:12
LH:12
BRDA:1,0,0,1
BRDA:1,0,1,0
BRF:2
BRH:1
end_of_record
TN:
SF:controllers\DataController.js
FN:8,(anonymous_0)
FN:49,(anonymous_1)
FN:102,(anonymous_2)
FN:134,(anonymous_3)
FNF:4
FNH:4
FNDA:3,(anonymous_0)
FNDA:1,(anonymous_1)
FNDA:1,(anonymous_2)
FNDA:3,(anonymous_3)
DA:1,1
DA:2,1
DA:4,1
DA:5,1
DA:9,3
DA:11,3
DA:13,3
DA:14,1
DA:18,2
DA:19,1
DA:22,1
DA:32,1
DA:33,0
DA:37,1
DA:45,2
DA:50,1
DA:52,1
DA:63,1
DA:72,1
DA:73,1
DA:76,1
DA:77,48
DA:78,33
DA:79,33
DA:82,1
DA:96,0
DA:98,0
DA:103,1
DA:105,1
DA:107,1
DA:108,0
DA:112,1
DA:125,1
DA:127,0
DA:130,1
DA:135,3
DA:137,3
DA:139,3
DA:140,1
DA:144,2
DA:145,0
DA:148,2
DA:156,2
DA:164,2
DA:170,1
LF:45
LH:39
BRDA:13,0,0,1
BRDA:13,0,1,2
BRDA:18,1,0,1
BRDA:18,1,1,1
BRDA:32,2,0,0
BRDA:32,2,1,1
BRDA:77,3,0,33
BRDA:77,3,1,15
BRDA:107,4,0,0
BRDA:107,4,1,1
BRDA:107,5,0,1
BRDA:107,5,1,1
BRDA:139,6,0,1
BRDA:139,6,1,2
BRDA:144,7,0,0
BRDA:144,7,1,2
BRF:16
BRH:13
end_of_record
TN:
SF:controllers\PlanController.js
FN:3,(anonymous_0)
FN:22,(anonymous_1)
FN:39,(anonymous_2)
FN:66,(anonymous_3)
FN:89,(anonymous_4)
FNF:5
FNH:5
FNDA:2,(anonymous_0)
FNDA:1,(anonymous_1)
FNDA:1,(anonymous_2)
FNDA:1,(anonymous_3)
FNDA:1,(anonymous_4)
DA:1,1
DA:4,2
DA:8,2
DA:9,2
DA:11,2
DA:13,1
DA:16,1
DA:18,1
DA:23,1
DA:24,1
DA:26,1
DA:28,1
DA:29,1
DA:32,0
DA:35,1
DA:40,1
DA:41,1
DA:43,1
DA:57,1
DA:60,0
DA:62,0
DA:67,1
DA:68,1
DA:70,1
DA:76,1
DA:82,1
DA:85,0
DA:90,1
DA:91,1
DA:92,1
DA:94,1
DA:100,1
DA:104,1
DA:107,0
DA:113,1
LF:35
LH:30
BRDA:28,0,0,1
BRDA:28,0,1,0
BRF:2
BRH:1
end_of_record
TN:
SF:controllers\UserController.js
FN:8,(anonymous_0)
FN:21,(anonymous_1)
FN:65,(anonymous_2)
FNF:3
FNH:3
FNDA:4,(anonymous_0)
FNDA:8,(anonymous_1)
FNDA:1,(anonymous_2)
DA:1,1
DA:2,1
DA:3,1
DA:4,1
DA:9,4
DA:10,4
DA:11,1
DA:17,3
DA:22,8
DA:23,8
DA:25,8
DA:26,2
DA:28,6
DA:29,1
DA:32,5
DA:40,5
DA:41,1
DA:44,4
DA:46,4
DA:47,2
DA:50,2
DA:56,2
DA:61,6
DA:66,1
DA:67,1
DA:69,1
DA:70,1
DA:73,0
DA:75,0
DA:80,0
DA:82,0
DA:90,0
DA:96,0
DA:99,1
DA:101,1
DA:107,1
LF:36
LH:30
BRDA:25,0,0,2
BRDA:25,0,1,6
BRDA:28,1,0,1
BRDA:28,1,1,5
BRDA:40,2,0,1
BRDA:40,2,1,4
BRDA:46,3,0,2
BRDA:46,3,1,2
BRDA:69,4,0,1
BRDA:69,4,1,0
BRF:10
BRH:9
end_of_record
TN:
SF:helpers\bcryptjs.js
FN:2,signToken
FN:12,verifyToken
FNF:2
FNH:2
FNDA:1,signToken
FNDA:4,verifyToken
DA:1,1
DA:3,1
DA:4,1
DA:5,1
DA:6,1
DA:8,0
DA:13,4
DA:14,4
DA:16,0
DA:20,1
LF:10
LH:8
BRF:0
BRH:0
end_of_record
TN:
SF:helpers\genAi.js
FN:4,genAi
FNF:1
FNH:1
FNDA:1,genAi
DA:1,1
DA:2,1
DA:5,1
DA:6,1
DA:10,0
DA:13,1
LF:6
LH:5
BRF:0
BRH:0
end_of_record
TN:
SF:helpers\jwt.js
FN:3,signToken
FN:11,verifyToken
FNF:2
FNH:2
FNDA:3,signToken
FNDA:20,verifyToken
DA:1,1
DA:2,1
DA:4,3
DA:5,3
DA:6,3
DA:8,0
DA:12,20
DA:13,20
DA:15,1
DA:19,1
LF:10
LH:9
BRF:0
BRH:0
end_of_record
TN:
SF:middlewares\authentication.js
FN:4,authentication
FNF:1
FNH:1
FNDA:23,authentication
DA:1,1
DA:2,1
DA:5,23
DA:6,23
DA:8,23
DA:9,3
DA:12,20
DA:13,20
DA:15,19
DA:18,19
DA:19,1
DA:22,18
DA:24,18
DA:27,5
DA:31,1
LF:15
LH:15
BRDA:8,0,0,3
BRDA:8,0,1,20
BRDA:18,1,0,1
BRDA:18,1,1,18
BRF:4
BRH:4
end_of_record
TN:
SF:middlewares\authorization.js
FN:3,guardUser
FNF:1
FNH:1
FNDA:6,guardUser
DA:1,1
DA:4,6
DA:5,6
DA:6,6
DA:8,6
DA:10,6
DA:11,4
DA:14,2
DA:15,0
DA:18,2
DA:21,4
DA:25,1
LF:12
LH:11
BRDA:10,0,0,4
BRDA:10,0,1,2
BRDA:14,1,0,0
BRDA:14,1,1,2
BRF:4
BRH:3
end_of_record
TN:
SF:middlewares\errorHandler.js
FN:1,errorHandler
FNF:1
FNH:1
FNDA:26,errorHandler
DA:2,26
DA:5,4
DA:6,4
DA:8,1
DA:9,1
DA:11,7
DA:12,7
DA:14,5
DA:15,5
DA:17,7
DA:18,7
DA:20,0
DA:21,0
DA:24,2
DA:25,2
DA:29,1
LF:16
LH:14
BRDA:2,0,0,4
BRDA:2,0,1,4
BRDA:2,0,2,1
BRDA:2,0,3,7
BRDA:2,0,4,5
BRDA:2,0,5,7
BRDA:2,0,6,0
BRDA:2,0,7,2
BRF:8
BRH:7
end_of_record
TN:
SF:models\index.js
FN:21,(anonymous_0)
FN:29,(anonymous_1)
FN:34,(anonymous_2)
FNF:3
FNH:3
FNDA:4,(anonymous_0)
FNDA:3,(anonymous_1)
FNDA:3,(anonymous_2)
DA:3,1
DA:4,1
DA:5,1
DA:6,1
DA:7,1
DA:8,1
DA:9,1
DA:10,1
DA:13,1
DA:14,0
DA:16,1
DA:19,1
DA:22,4
DA:30,3
DA:31,3
DA:34,1
DA:35,3
DA:36,3
DA:40,1
DA:41,1
DA:43,1
LF:21
LH:20
BRDA:8,0,0,1
BRDA:8,0,1,0
BRDA:13,1,0,0
BRDA:13,1,1,1
BRDA:23,2,0,4
BRDA:23,2,1,4
BRDA:23,2,2,3
BRDA:23,2,3,3
BRDA:35,3,0,3
BRDA:35,3,1,0
BRF:10
BRH:7
end_of_record
TN:
SF:models\plan.js
FN:5,(anonymous_0)
FN:12,(anonymous_1)
FNF:2
FNH:2
FNDA:1,(anonymous_0)
FNDA:1,(anonymous_1)
DA:4,1
DA:5,1
DA:14,1
DA:15,1
DA:18,1
DA:121,1
LF:6
LH:6
BRF:0
BRH:0
end_of_record
TN:
SF:models\status.js
FN:5,(anonymous_0)
FN:12,(anonymous_1)
FNF:2
FNH:2
FNDA:1,(anonymous_0)
FNDA:1,(anonymous_1)
DA:4,1
DA:5,1
DA:14,1
DA:17,1
DA:23,1
LF:5
LH:5
BRF:0
BRH:0
end_of_record
TN:
SF:models\user.js
FN:6,(anonymous_0)
FN:13,(anonymous_1)
FN:63,(anonymous_2)
FNF:3
FNH:3
FNDA:1,(anonymous_0)
FNDA:1,(anonymous_1)
FNDA:1,(anonymous_2)
DA:2,1
DA:5,1
DA:6,1
DA:15,1
DA:18,1
DA:64,1
DA:68,1
LF:7
LH:7
BRF:0
BRH:0
end_of_record
TN:
SF:routers\data.js
FNF:0
FNH:0
DA:1,1
DA:2,1
DA:3,1
DA:5,1
DA:6,1
DA:7,1
DA:8,1
DA:10,1
LF:8
LH:8
BRF:0
BRH:0
end_of_record
TN:
SF:routers\index.js
FNF:0
FNH:0
DA:1,1
DA:2,1
DA:3,1
DA:4,1
DA:6,1
DA:7,1
DA:8,1
DA:10,1
DA:11,1
DA:13,1
LF:10
LH:10
BRF:0
BRH:0
end_of_record
TN:
SF:routers\plan.js
FNF:0
FNH:0
DA:1,1
DA:2,1
DA:3,1
DA:4,1
DA:6,1
DA:8,1
DA:9,1
DA:10,1
DA:12,1
DA:14,1
LF:10
LH:10
BRF:0
BRH:0
end_of_record
